{"/Users/Mykyta_Morachov/Documents/AI_Planner/TaskPlanner/clientapp/src/App.tsx": {"path":"/Users/Mykyta_Morachov/Documents/AI_Planner/TaskPlanner/clientapp/src/App.tsx","statementMap":{"0":{"start":{"line":10,"column":18},"end":{"line":10,"column":80}},"1":{"start":{"line":13,"column":28},"end":{"line":13,"column":52}},"2":{"start":{"line":14,"column":26},"end":{"line":14,"column":63}},"3":{"start":{"line":15,"column":32},"end":{"line":15,"column":46}},"4":{"start":{"line":16,"column":28},"end":{"line":16,"column":57}},"5":{"start":{"line":18,"column":20},"end":{"line":27,"column":3}},"6":{"start":{"line":19,"column":4},"end":{"line":19,"column":21}},"7":{"start":{"line":20,"column":4},"end":{"line":25,"column":5}},"8":{"start":{"line":21,"column":6},"end":{"line":21,"column":33}},"9":{"start":{"line":22,"column":6},"end":{"line":22,"column":21}},"10":{"start":{"line":24,"column":6},"end":{"line":24,"column":26}},"11":{"start":{"line":26,"column":4},"end":{"line":26,"column":22}},"12":{"start":{"line":29,"column":2},"end":{"line":31,"column":9}},"13":{"start":{"line":30,"column":4},"end":{"line":30,"column":16}},"14":{"start":{"line":33,"column":23},"end":{"line":35,"column":3}},"15":{"start":{"line":34,"column":4},"end":{"line":34,"column":58}},"16":{"start":{"line":37,"column":23},"end":{"line":46,"column":3}},"17":{"start":{"line":38,"column":4},"end":{"line":38,"column":23}},"18":{"start":{"line":39,"column":4},"end":{"line":45,"column":5}},"19":{"start":{"line":40,"column":6},"end":{"line":40,"column":67}},"20":{"start":{"line":41,"column":6},"end":{"line":41,"column":25}},"21":{"start":{"line":42,"column":6},"end":{"line":42,"column":18}},"22":{"start":{"line":44,"column":6},"end":{"line":44,"column":26}},"23":{"start":{"line":48,"column":23},"end":{"line":51,"column":3}},"24":{"start":{"line":49,"column":4},"end":{"line":49,"column":25}},"25":{"start":{"line":50,"column":4},"end":{"line":50,"column":16}},"26":{"start":{"line":53,"column":23},"end":{"line":56,"column":3}},"27":{"start":{"line":54,"column":4},"end":{"line":54,"column":29}},"28":{"start":{"line":55,"column":4},"end":{"line":55,"column":16}},"29":{"start":{"line":58,"column":2},"end":{"line":110,"column":4}},"30":{"start":{"line":92,"column":12},"end":{"line":105,"column":17}},"31":{"start":{"line":97,"column":34},"end":{"line":97,"column":55}},"32":{"start":{"line":104,"column":37},"end":{"line":104,"column":58}}},"fnMap":{"0":{"name":"App","decl":{"start":{"line":12,"column":9},"end":{"line":12,"column":12}},"loc":{"start":{"line":12,"column":15},"end":{"line":111,"column":1}},"line":12},"1":{"name":"(anonymous_1)","decl":{"start":{"line":18,"column":20},"end":{"line":18,"column":21}},"loc":{"start":{"line":18,"column":32},"end":{"line":27,"column":3}},"line":18},"2":{"name":"(anonymous_2)","decl":{"start":{"line":29,"column":12},"end":{"line":29,"column":13}},"loc":{"start":{"line":29,"column":18},"end":{"line":31,"column":3}},"line":29},"3":{"name":"(anonymous_3)","decl":{"start":{"line":33,"column":23},"end":{"line":33,"column":24}},"loc":{"start":{"line":33,"column":89},"end":{"line":35,"column":3}},"line":33},"4":{"name":"(anonymous_4)","decl":{"start":{"line":37,"column":23},"end":{"line":37,"column":24}},"loc":{"start":{"line":37,"column":53},"end":{"line":46,"column":3}},"line":37},"5":{"name":"(anonymous_5)","decl":{"start":{"line":48,"column":23},"end":{"line":48,"column":24}},"loc":{"start":{"line":48,"column":45},"end":{"line":51,"column":3}},"line":48},"6":{"name":"(anonymous_6)","decl":{"start":{"line":53,"column":23},"end":{"line":53,"column":24}},"loc":{"start":{"line":53,"column":45},"end":{"line":56,"column":3}},"line":53},"7":{"name":"(anonymous_7)","decl":{"start":{"line":91,"column":21},"end":{"line":91,"column":22}},"loc":{"start":{"line":92,"column":12},"end":{"line":105,"column":17}},"line":92},"8":{"name":"(anonymous_8)","decl":{"start":{"line":97,"column":28},"end":{"line":97,"column":29}},"loc":{"start":{"line":97,"column":34},"end":{"line":97,"column":55}},"line":97},"9":{"name":"(anonymous_9)","decl":{"start":{"line":104,"column":31},"end":{"line":104,"column":32}},"loc":{"start":{"line":104,"column":37},"end":{"line":104,"column":58}},"line":104}},"branchMap":{"0":{"loc":{"start":{"line":40,"column":43},"end":{"line":40,"column":63}},"type":"binary-expr","locations":[{"start":{"line":40,"column":43},"end":{"line":40,"column":55}},{"start":{"line":40,"column":59},"end":{"line":40,"column":63}}],"line":40},"1":{"loc":{"start":{"line":86,"column":7},"end":{"line":86,"column":59}},"type":"binary-expr","locations":[{"start":{"line":86,"column":7},"end":{"line":86,"column":12}},{"start":{"line":86,"column":16},"end":{"line":86,"column":59}}],"line":86},"2":{"loc":{"start":{"line":87,"column":7},"end":{"line":108,"column":7}},"type":"cond-expr","locations":[{"start":{"line":88,"column":8},"end":{"line":88,"column":29}},{"start":{"line":90,"column":8},"end":{"line":107,"column":13}}],"line":87},"3":{"loc":{"start":{"line":100,"column":49},"end":{"line":100,"column":94}},"type":"cond-expr","locations":[{"start":{"line":100,"column":68},"end":{"line":100,"column":82}},{"start":{"line":100,"column":85},"end":{"line":100,"column":94}}],"line":100},"4":{"loc":{"start":{"line":101,"column":17},"end":{"line":101,"column":106}},"type":"binary-expr","locations":[{"start":{"line":101,"column":17},"end":{"line":101,"column":29}},{"start":{"line":101,"column":33},"end":{"line":101,"column":106}}],"line":101}},"s":{"0":1,"1":37,"2":37,"3":37,"4":37,"5":37,"6":8,"7":8,"8":8,"9":7,"10":1,"11":8,"12":37,"13":6,"14":37,"15":24,"16":37,"17":1,"18":1,"19":1,"20":0,"21":0,"22":1,"23":37,"24":1,"25":1,"26":37,"27":1,"28":1,"29":37,"30":60,"31":1,"32":1},"f":{"0":37,"1":8,"2":6,"3":24,"4":1,"5":1,"6":1,"7":60,"8":1,"9":1},"b":{"0":[1,1],"1":[37,2],"2":[6,31],"3":[30,30],"4":[60,30]},"_coverageSchema":"1a1c01bbd47fc00a2c39e90264f33305004495a9","hash":"acc2e7a388c2db74dbc305e952aacb083900567c"}
,"/Users/Mykyta_Morachov/Documents/AI_Planner/TaskPlanner/clientapp/src/index.tsx": {"path":"/Users/Mykyta_Morachov/Documents/AI_Planner/TaskPlanner/clientapp/src/index.tsx","statementMap":{"0":{"start":{"line":7,"column":13},"end":{"line":9,"column":1}},"1":{"start":{"line":10,"column":0},"end":{"line":14,"column":2}},"2":{"start":{"line":19,"column":0},"end":{"line":19,"column":18}}},"fnMap":{},"branchMap":{},"s":{"0":0,"1":0,"2":0},"f":{},"b":{}}
,"/Users/Mykyta_Morachov/Documents/AI_Planner/TaskPlanner/clientapp/src/reportWebVitals.ts": {"path":"/Users/Mykyta_Morachov/Documents/AI_Planner/TaskPlanner/clientapp/src/reportWebVitals.ts","statementMap":{"0":{"start":{"line":3,"column":24},"end":{"line":13,"column":1}},"1":{"start":{"line":4,"column":2},"end":{"line":12,"column":3}},"2":{"start":{"line":5,"column":4},"end":{"line":11,"column":7}},"3":{"start":{"line":6,"column":6},"end":{"line":6,"column":26}},"4":{"start":{"line":7,"column":6},"end":{"line":7,"column":26}},"5":{"start":{"line":8,"column":6},"end":{"line":8,"column":26}},"6":{"start":{"line":9,"column":6},"end":{"line":9,"column":26}},"7":{"start":{"line":10,"column":6},"end":{"line":10,"column":27}}},"fnMap":{"0":{"name":"(anonymous_0)","decl":{"start":{"line":3,"column":24},"end":{"line":3,"column":25}},"loc":{"start":{"line":3,"column":57},"end":{"line":13,"column":1}},"line":3},"1":{"name":"(anonymous_1)","decl":{"start":{"line":5,"column":30},"end":{"line":5,"column":31}},"loc":{"start":{"line":5,"column":79},"end":{"line":11,"column":5}},"line":5}},"branchMap":{"0":{"loc":{"start":{"line":4,"column":2},"end":{"line":12,"column":3}},"type":"if","locations":[{"start":{"line":4,"column":2},"end":{"line":12,"column":3}},{"start":{},"end":{}}],"line":4},"1":{"loc":{"start":{"line":4,"column":6},"end":{"line":4,"column":52}},"type":"binary-expr","locations":[{"start":{"line":4,"column":6},"end":{"line":4,"column":17}},{"start":{"line":4,"column":21},"end":{"line":4,"column":52}}],"line":4}},"s":{"0":0,"1":0,"2":0,"3":0,"4":0,"5":0,"6":0,"7":0},"f":{"0":0,"1":0},"b":{"0":[0,0],"1":[0,0]}}
,"/Users/Mykyta_Morachov/Documents/AI_Planner/TaskPlanner/clientapp/src/api/taskApi.ts": {"path":"/Users/Mykyta_Morachov/Documents/AI_Planner/TaskPlanner/clientapp/src/api/taskApi.ts","statementMap":{"0":{"start":{"line":9,"column":17},"end":{"line":9,"column":29}},"1":{"start":{"line":12,"column":14},"end":{"line":12,"column":35}},"2":{"start":{"line":13,"column":2},"end":{"line":13,"column":56}},"3":{"start":{"line":13,"column":15},"end":{"line":13,"column":56}},"4":{"start":{"line":14,"column":2},"end":{"line":14,"column":20}},"5":{"start":{"line":18,"column":14},"end":{"line":18,"column":46}},"6":{"start":{"line":19,"column":2},"end":{"line":19,"column":55}},"7":{"start":{"line":19,"column":15},"end":{"line":19,"column":55}},"8":{"start":{"line":20,"column":2},"end":{"line":20,"column":20}},"9":{"start":{"line":24,"column":14},"end":{"line":28,"column":4}},"10":{"start":{"line":29,"column":2},"end":{"line":29,"column":56}},"11":{"start":{"line":29,"column":15},"end":{"line":29,"column":56}},"12":{"start":{"line":30,"column":2},"end":{"line":30,"column":20}},"13":{"start":{"line":34,"column":14},"end":{"line":38,"column":4}},"14":{"start":{"line":39,"column":2},"end":{"line":39,"column":56}},"15":{"start":{"line":39,"column":15},"end":{"line":39,"column":56}},"16":{"start":{"line":43,"column":14},"end":{"line":43,"column":68}},"17":{"start":{"line":44,"column":2},"end":{"line":44,"column":56}},"18":{"start":{"line":44,"column":15},"end":{"line":44,"column":56}},"19":{"start":{"line":48,"column":14},"end":{"line":48,"column":82}},"20":{"start":{"line":49,"column":2},"end":{"line":49,"column":60}},"21":{"start":{"line":49,"column":15},"end":{"line":49,"column":60}}},"fnMap":{"0":{"name":"getTasks","decl":{"start":{"line":11,"column":22},"end":{"line":11,"column":30}},"loc":{"start":{"line":11,"column":54},"end":{"line":15,"column":1}},"line":11},"1":{"name":"getTask","decl":{"start":{"line":17,"column":22},"end":{"line":17,"column":29}},"loc":{"start":{"line":17,"column":61},"end":{"line":21,"column":1}},"line":17},"2":{"name":"createTask","decl":{"start":{"line":23,"column":22},"end":{"line":23,"column":32}},"loc":{"start":{"line":23,"column":80},"end":{"line":31,"column":1}},"line":23},"3":{"name":"updateTask","decl":{"start":{"line":33,"column":22},"end":{"line":33,"column":32}},"loc":{"start":{"line":33,"column":76},"end":{"line":40,"column":1}},"line":33},"4":{"name":"deleteTask","decl":{"start":{"line":42,"column":22},"end":{"line":42,"column":32}},"loc":{"start":{"line":42,"column":60},"end":{"line":45,"column":1}},"line":42},"5":{"name":"toggleComplete","decl":{"start":{"line":47,"column":22},"end":{"line":47,"column":36}},"loc":{"start":{"line":47,"column":64},"end":{"line":50,"column":1}},"line":47}},"branchMap":{"0":{"loc":{"start":{"line":13,"column":2},"end":{"line":13,"column":56}},"type":"if","locations":[{"start":{"line":13,"column":2},"end":{"line":13,"column":56}},{"start":{},"end":{}}],"line":13},"1":{"loc":{"start":{"line":19,"column":2},"end":{"line":19,"column":55}},"type":"if","locations":[{"start":{"line":19,"column":2},"end":{"line":19,"column":55}},{"start":{},"end":{}}],"line":19},"2":{"loc":{"start":{"line":29,"column":2},"end":{"line":29,"column":56}},"type":"if","locations":[{"start":{"line":29,"column":2},"end":{"line":29,"column":56}},{"start":{},"end":{}}],"line":29},"3":{"loc":{"start":{"line":39,"column":2},"end":{"line":39,"column":56}},"type":"if","locations":[{"start":{"line":39,"column":2},"end":{"line":39,"column":56}},{"start":{},"end":{}}],"line":39},"4":{"loc":{"start":{"line":44,"column":2},"end":{"line":44,"column":56}},"type":"if","locations":[{"start":{"line":44,"column":2},"end":{"line":44,"column":56}},{"start":{},"end":{}}],"line":44},"5":{"loc":{"start":{"line":49,"column":2},"end":{"line":49,"column":60}},"type":"if","locations":[{"start":{"line":49,"column":2},"end":{"line":49,"column":60}},{"start":{},"end":{}}],"line":49}},"s":{"0":1,"1":0,"2":0,"3":0,"4":0,"5":0,"6":0,"7":0,"8":0,"9":0,"10":0,"11":0,"12":0,"13":0,"14":0,"15":0,"16":0,"17":0,"18":0,"19":0,"20":0,"21":0},"f":{"0":0,"1":0,"2":0,"3":0,"4":0,"5":0},"b":{"0":[0,0],"1":[0,0],"2":[0,0],"3":[0,0],"4":[0,0],"5":[0,0]},"_coverageSchema":"1a1c01bbd47fc00a2c39e90264f33305004495a9","hash":"d25c92d5366406ef50b39deb1f54c0214ff505b4"}
}
