{"/Users/Mykyta_Morachov/Documents/AI_Planner/TaskPlanner/clientapp/src/App.tsx": {"path":"/Users/Mykyta_Morachov/Documents/AI_Planner/TaskPlanner/clientapp/src/App.tsx","statementMap":{"0":{"start":{"line":12,"column":18},"end":{"line":12,"column":80}},"1":{"start":{"line":15,"column":22},"end":{"line":15,"column":38}},"2":{"start":{"line":16,"column":28},"end":{"line":16,"column":52}},"3":{"start":{"line":17,"column":26},"end":{"line":17,"column":63}},"4":{"start":{"line":18,"column":32},"end":{"line":18,"column":46}},"5":{"start":{"line":19,"column":28},"end":{"line":19,"column":57}},"6":{"start":{"line":21,"column":20},"end":{"line":30,"column":3}},"7":{"start":{"line":22,"column":4},"end":{"line":22,"column":21}},"8":{"start":{"line":23,"column":4},"end":{"line":28,"column":5}},"9":{"start":{"line":24,"column":6},"end":{"line":24,"column":33}},"10":{"start":{"line":25,"column":6},"end":{"line":25,"column":21}},"11":{"start":{"line":27,"column":6},"end":{"line":27,"column":26}},"12":{"start":{"line":29,"column":4},"end":{"line":29,"column":22}},"13":{"start":{"line":32,"column":2},"end":{"line":34,"column":9}},"14":{"start":{"line":33,"column":4},"end":{"line":33,"column":16}},"15":{"start":{"line":36,"column":23},"end":{"line":38,"column":3}},"16":{"start":{"line":37,"column":4},"end":{"line":37,"column":58}},"17":{"start":{"line":40,"column":23},"end":{"line":49,"column":3}},"18":{"start":{"line":41,"column":4},"end":{"line":41,"column":23}},"19":{"start":{"line":42,"column":4},"end":{"line":48,"column":5}},"20":{"start":{"line":43,"column":6},"end":{"line":43,"column":67}},"21":{"start":{"line":44,"column":6},"end":{"line":44,"column":25}},"22":{"start":{"line":45,"column":6},"end":{"line":45,"column":18}},"23":{"start":{"line":47,"column":6},"end":{"line":47,"column":26}},"24":{"start":{"line":51,"column":23},"end":{"line":54,"column":3}},"25":{"start":{"line":52,"column":4},"end":{"line":52,"column":25}},"26":{"start":{"line":53,"column":4},"end":{"line":53,"column":16}},"27":{"start":{"line":56,"column":23},"end":{"line":59,"column":3}},"28":{"start":{"line":57,"column":4},"end":{"line":57,"column":29}},"29":{"start":{"line":58,"column":4},"end":{"line":58,"column":16}},"30":{"start":{"line":61,"column":2},"end":{"line":123,"column":4}},"31":{"start":{"line":66,"column":33},"end":{"line":66,"column":58}},"32":{"start":{"line":67,"column":33},"end":{"line":67,"column":58}},"33":{"start":{"line":104,"column":12},"end":{"line":118,"column":17}},"34":{"start":{"line":109,"column":34},"end":{"line":109,"column":55}},"35":{"start":{"line":117,"column":37},"end":{"line":117,"column":58}}},"fnMap":{"0":{"name":"App","decl":{"start":{"line":14,"column":9},"end":{"line":14,"column":12}},"loc":{"start":{"line":14,"column":15},"end":{"line":124,"column":1}},"line":14},"1":{"name":"(anonymous_1)","decl":{"start":{"line":21,"column":20},"end":{"line":21,"column":21}},"loc":{"start":{"line":21,"column":32},"end":{"line":30,"column":3}},"line":21},"2":{"name":"(anonymous_2)","decl":{"start":{"line":32,"column":12},"end":{"line":32,"column":13}},"loc":{"start":{"line":32,"column":18},"end":{"line":34,"column":3}},"line":32},"3":{"name":"(anonymous_3)","decl":{"start":{"line":36,"column":23},"end":{"line":36,"column":24}},"loc":{"start":{"line":36,"column":89},"end":{"line":38,"column":3}},"line":36},"4":{"name":"(anonymous_4)","decl":{"start":{"line":40,"column":23},"end":{"line":40,"column":24}},"loc":{"start":{"line":40,"column":53},"end":{"line":49,"column":3}},"line":40},"5":{"name":"(anonymous_5)","decl":{"start":{"line":51,"column":23},"end":{"line":51,"column":24}},"loc":{"start":{"line":51,"column":45},"end":{"line":54,"column":3}},"line":51},"6":{"name":"(anonymous_6)","decl":{"start":{"line":56,"column":23},"end":{"line":56,"column":24}},"loc":{"start":{"line":56,"column":45},"end":{"line":59,"column":3}},"line":56},"7":{"name":"(anonymous_7)","decl":{"start":{"line":66,"column":27},"end":{"line":66,"column":28}},"loc":{"start":{"line":66,"column":33},"end":{"line":66,"column":58}},"line":66},"8":{"name":"(anonymous_8)","decl":{"start":{"line":67,"column":27},"end":{"line":67,"column":28}},"loc":{"start":{"line":67,"column":33},"end":{"line":67,"column":58}},"line":67},"9":{"name":"(anonymous_9)","decl":{"start":{"line":103,"column":21},"end":{"line":103,"column":22}},"loc":{"start":{"line":104,"column":12},"end":{"line":118,"column":17}},"line":104},"10":{"name":"(anonymous_10)","decl":{"start":{"line":109,"column":28},"end":{"line":109,"column":29}},"loc":{"start":{"line":109,"column":34},"end":{"line":109,"column":55}},"line":109},"11":{"name":"(anonymous_11)","decl":{"start":{"line":117,"column":31},"end":{"line":117,"column":32}},"loc":{"start":{"line":117,"column":37},"end":{"line":117,"column":58}},"line":117}},"branchMap":{"0":{"loc":{"start":{"line":43,"column":43},"end":{"line":43,"column":63}},"type":"binary-expr","locations":[{"start":{"line":43,"column":43},"end":{"line":43,"column":55}},{"start":{"line":43,"column":59},"end":{"line":43,"column":63}}],"line":43},"1":{"loc":{"start":{"line":96,"column":7},"end":{"line":96,"column":73}},"type":"binary-expr","locations":[{"start":{"line":96,"column":7},"end":{"line":96,"column":12}},{"start":{"line":96,"column":16},"end":{"line":96,"column":73}}],"line":96},"2":{"loc":{"start":{"line":97,"column":7},"end":{"line":121,"column":7}},"type":"cond-expr","locations":[{"start":{"line":98,"column":8},"end":{"line":98,"column":33}},{"start":{"line":99,"column":10},"end":{"line":121,"column":7}}],"line":97},"3":{"loc":{"start":{"line":99,"column":10},"end":{"line":121,"column":7}},"type":"cond-expr","locations":[{"start":{"line":100,"column":8},"end":{"line":100,"column":33}},{"start":{"line":102,"column":8},"end":{"line":120,"column":13}}],"line":99},"4":{"loc":{"start":{"line":113,"column":49},"end":{"line":113,"column":94}},"type":"cond-expr","locations":[{"start":{"line":113,"column":68},"end":{"line":113,"column":82}},{"start":{"line":113,"column":85},"end":{"line":113,"column":94}}],"line":113},"5":{"loc":{"start":{"line":114,"column":17},"end":{"line":114,"column":117}},"type":"binary-expr","locations":[{"start":{"line":114,"column":17},"end":{"line":114,"column":29}},{"start":{"line":114,"column":33},"end":{"line":114,"column":117}}],"line":114}},"s":{"0":1,"1":13,"2":0,"3":0,"4":0,"5":0,"6":0,"7":0,"8":0,"9":0,"10":0,"11":0,"12":0,"13":0,"14":0,"15":0,"16":0,"17":0,"18":0,"19":0,"20":0,"21":0,"22":0,"23":0,"24":0,"25":0,"26":0,"27":0,"28":0,"29":0,"30":0,"31":0,"32":0,"33":0,"34":0,"35":0},"f":{"0":13,"1":0,"2":0,"3":0,"4":0,"5":0,"6":0,"7":0,"8":0,"9":0,"10":0,"11":0},"b":{"0":[0,0],"1":[0,0],"2":[0,0],"3":[0,0],"4":[0,0],"5":[0,0]},"_coverageSchema":"1a1c01bbd47fc00a2c39e90264f33305004495a9","hash":"f49e727451c9f294c73727f978440c2239dc596c"}
,"/Users/Mykyta_Morachov/Documents/AI_Planner/TaskPlanner/clientapp/src/i18n.ts": {"path":"/Users/Mykyta_Morachov/Documents/AI_Planner/TaskPlanner/clientapp/src/i18n.ts","statementMap":{"0":{"start":{"line":6,"column":18},"end":{"line":9,"column":1}},"1":{"start":{"line":11,"column":0},"end":{"line":18,"column":5}}},"fnMap":{},"branchMap":{},"s":{"0":1,"1":1},"f":{},"b":{},"_coverageSchema":"1a1c01bbd47fc00a2c39e90264f33305004495a9","hash":"d79b23f04bd231bbe07adbd8d8dde5e15c917baa"}
,"/Users/Mykyta_Morachov/Documents/AI_Planner/TaskPlanner/clientapp/src/index.tsx": {"path":"/Users/Mykyta_Morachov/Documents/AI_Planner/TaskPlanner/clientapp/src/index.tsx","statementMap":{"0":{"start":{"line":7,"column":13},"end":{"line":9,"column":1}},"1":{"start":{"line":10,"column":0},"end":{"line":14,"column":2}},"2":{"start":{"line":19,"column":0},"end":{"line":19,"column":18}}},"fnMap":{},"branchMap":{},"s":{"0":0,"1":0,"2":0},"f":{},"b":{}}
,"/Users/Mykyta_Morachov/Documents/AI_Planner/TaskPlanner/clientapp/src/reportWebVitals.ts": {"path":"/Users/Mykyta_Morachov/Documents/AI_Planner/TaskPlanner/clientapp/src/reportWebVitals.ts","statementMap":{"0":{"start":{"line":3,"column":24},"end":{"line":13,"column":1}},"1":{"start":{"line":4,"column":2},"end":{"line":12,"column":3}},"2":{"start":{"line":5,"column":4},"end":{"line":11,"column":7}},"3":{"start":{"line":6,"column":6},"end":{"line":6,"column":26}},"4":{"start":{"line":7,"column":6},"end":{"line":7,"column":26}},"5":{"start":{"line":8,"column":6},"end":{"line":8,"column":26}},"6":{"start":{"line":9,"column":6},"end":{"line":9,"column":26}},"7":{"start":{"line":10,"column":6},"end":{"line":10,"column":27}}},"fnMap":{"0":{"name":"(anonymous_0)","decl":{"start":{"line":3,"column":24},"end":{"line":3,"column":25}},"loc":{"start":{"line":3,"column":57},"end":{"line":13,"column":1}},"line":3},"1":{"name":"(anonymous_1)","decl":{"start":{"line":5,"column":30},"end":{"line":5,"column":31}},"loc":{"start":{"line":5,"column":79},"end":{"line":11,"column":5}},"line":5}},"branchMap":{"0":{"loc":{"start":{"line":4,"column":2},"end":{"line":12,"column":3}},"type":"if","locations":[{"start":{"line":4,"column":2},"end":{"line":12,"column":3}},{"start":{},"end":{}}],"line":4},"1":{"loc":{"start":{"line":4,"column":6},"end":{"line":4,"column":52}},"type":"binary-expr","locations":[{"start":{"line":4,"column":6},"end":{"line":4,"column":17}},{"start":{"line":4,"column":21},"end":{"line":4,"column":52}}],"line":4}},"s":{"0":0,"1":0,"2":0,"3":0,"4":0,"5":0,"6":0,"7":0},"f":{"0":0,"1":0},"b":{"0":[0,0],"1":[0,0]}}
,"/Users/Mykyta_Morachov/Documents/AI_Planner/TaskPlanner/clientapp/src/api/taskApi.ts": {"path":"/Users/Mykyta_Morachov/Documents/AI_Planner/TaskPlanner/clientapp/src/api/taskApi.ts","statementMap":{"0":{"start":{"line":9,"column":17},"end":{"line":9,"column":29}},"1":{"start":{"line":12,"column":14},"end":{"line":12,"column":35}},"2":{"start":{"line":13,"column":2},"end":{"line":13,"column":56}},"3":{"start":{"line":13,"column":15},"end":{"line":13,"column":56}},"4":{"start":{"line":14,"column":2},"end":{"line":14,"column":20}},"5":{"start":{"line":18,"column":14},"end":{"line":18,"column":46}},"6":{"start":{"line":19,"column":2},"end":{"line":19,"column":55}},"7":{"start":{"line":19,"column":15},"end":{"line":19,"column":55}},"8":{"start":{"line":20,"column":2},"end":{"line":20,"column":20}},"9":{"start":{"line":24,"column":14},"end":{"line":28,"column":4}},"10":{"start":{"line":29,"column":2},"end":{"line":29,"column":56}},"11":{"start":{"line":29,"column":15},"end":{"line":29,"column":56}},"12":{"start":{"line":30,"column":2},"end":{"line":30,"column":20}},"13":{"start":{"line":34,"column":14},"end":{"line":38,"column":4}},"14":{"start":{"line":39,"column":2},"end":{"line":39,"column":56}},"15":{"start":{"line":39,"column":15},"end":{"line":39,"column":56}},"16":{"start":{"line":43,"column":14},"end":{"line":43,"column":68}},"17":{"start":{"line":44,"column":2},"end":{"line":44,"column":56}},"18":{"start":{"line":44,"column":15},"end":{"line":44,"column":56}},"19":{"start":{"line":48,"column":14},"end":{"line":48,"column":82}},"20":{"start":{"line":49,"column":2},"end":{"line":49,"column":60}},"21":{"start":{"line":49,"column":15},"end":{"line":49,"column":60}}},"fnMap":{"0":{"name":"getTasks","decl":{"start":{"line":11,"column":22},"end":{"line":11,"column":30}},"loc":{"start":{"line":11,"column":54},"end":{"line":15,"column":1}},"line":11},"1":{"name":"getTask","decl":{"start":{"line":17,"column":22},"end":{"line":17,"column":29}},"loc":{"start":{"line":17,"column":61},"end":{"line":21,"column":1}},"line":17},"2":{"name":"createTask","decl":{"start":{"line":23,"column":22},"end":{"line":23,"column":32}},"loc":{"start":{"line":23,"column":80},"end":{"line":31,"column":1}},"line":23},"3":{"name":"updateTask","decl":{"start":{"line":33,"column":22},"end":{"line":33,"column":32}},"loc":{"start":{"line":33,"column":76},"end":{"line":40,"column":1}},"line":33},"4":{"name":"deleteTask","decl":{"start":{"line":42,"column":22},"end":{"line":42,"column":32}},"loc":{"start":{"line":42,"column":60},"end":{"line":45,"column":1}},"line":42},"5":{"name":"toggleComplete","decl":{"start":{"line":47,"column":22},"end":{"line":47,"column":36}},"loc":{"start":{"line":47,"column":64},"end":{"line":50,"column":1}},"line":47}},"branchMap":{"0":{"loc":{"start":{"line":13,"column":2},"end":{"line":13,"column":56}},"type":"if","locations":[{"start":{"line":13,"column":2},"end":{"line":13,"column":56}},{"start":{},"end":{}}],"line":13},"1":{"loc":{"start":{"line":19,"column":2},"end":{"line":19,"column":55}},"type":"if","locations":[{"start":{"line":19,"column":2},"end":{"line":19,"column":55}},{"start":{},"end":{}}],"line":19},"2":{"loc":{"start":{"line":29,"column":2},"end":{"line":29,"column":56}},"type":"if","locations":[{"start":{"line":29,"column":2},"end":{"line":29,"column":56}},{"start":{},"end":{}}],"line":29},"3":{"loc":{"start":{"line":39,"column":2},"end":{"line":39,"column":56}},"type":"if","locations":[{"start":{"line":39,"column":2},"end":{"line":39,"column":56}},{"start":{},"end":{}}],"line":39},"4":{"loc":{"start":{"line":44,"column":2},"end":{"line":44,"column":56}},"type":"if","locations":[{"start":{"line":44,"column":2},"end":{"line":44,"column":56}},{"start":{},"end":{}}],"line":44},"5":{"loc":{"start":{"line":49,"column":2},"end":{"line":49,"column":60}},"type":"if","locations":[{"start":{"line":49,"column":2},"end":{"line":49,"column":60}},{"start":{},"end":{}}],"line":49}},"s":{"0":1,"1":0,"2":0,"3":0,"4":0,"5":0,"6":0,"7":0,"8":0,"9":0,"10":0,"11":0,"12":0,"13":0,"14":0,"15":0,"16":0,"17":0,"18":0,"19":0,"20":0,"21":0},"f":{"0":0,"1":0,"2":0,"3":0,"4":0,"5":0},"b":{"0":[0,0],"1":[0,0],"2":[0,0],"3":[0,0],"4":[0,0],"5":[0,0]},"_coverageSchema":"1a1c01bbd47fc00a2c39e90264f33305004495a9","hash":"d25c92d5366406ef50b39deb1f54c0214ff505b4"}
}
